
> eslint-config-improve-code@1.0.0 test D:\Web\Myproject\å·¥ç¨‹åŒ–å®žæˆ˜\clone\improve-code\packages\eslint-config
> mocha ./__tests__/*.test.js --timeout 5000


[0m[0m
[0m  test/use-babel-eslint.test.js[0m
  [31m  1) babel-eslint parser run well for react[0m
  [32m  âˆš[0m[90m babel-eslint parser run well for vue[0m[31m (614ms)[0m

[0m  Validate JS configs[0m
  [32m  âˆš[0m[90m Validate eslint-config-encode[0m
  [32m  âˆš[0m[90m Validate eslint-config-encode/es5[0m
  [32m  âˆš[0m[90m Validate eslint-config-encode/vue[0m[33m (50ms)[0m
  [32m  âˆš[0m[90m Validate eslint-config-encode/essential[0m[33m (40ms)[0m
  [32m  âˆš[0m[90m Validate eslint-config-encode/essential/es5[0m
  [32m  âˆš[0m[90m Validate eslint-config-encode/essential/react[0m[31m (232ms)[0m
  [32m  âˆš[0m[90m Validate eslint-config-encode/essential/vue[0m[33m (58ms)[0m
  [32m  âˆš[0m[90m Validate eslint-config-encode/node[0m[31m (343ms)[0m

[0m  Validate TS configs[0m
  [32m  âˆš[0m[90m Validate eslint-config-encode/typescript[0m[31m (2425ms)[0m
  [32m  âˆš[0m[90m Validate eslint-config-encode/typescript/vue[0m[31m (251ms)[0m
  [32m  âˆš[0m[90m Validate eslint-config-encode/essential/typescript[0m[31m (84ms)[0m
  [32m  âˆš[0m[90m Validate eslint-config-encode/essential/typescript/react[0m[31m (126ms)[0m
  [32m  âˆš[0m[90m Validate eslint-config-encode/essential/typescript/vue[0m[31m (242ms)[0m
  [31m  2) Validate eslint-config-encode/typescript/node[0m


[92m [0m[32m 14 passing[0m[90m (8s)[0m
[31m  2 failing[0m

[0m  1) test/use-babel-eslint.test.js
       babel-eslint parser run well for react:

      [31mAssertionError [ERR_ASSERTION]: 26 == 27[0m
      [32m+ expected[0m [31m- actual[0m

      [31m-26[0m
      [32m+27[0m
      [0m[90m
      at Context.<anonymous> (__tests__\use-babel-eslint.test.js:20:12)
[0m
[0m  2) Validate TS configs
       Validate eslint-config-encode/typescript/node:

      [31mAssertionError [ERR_ASSERTION]: Expected values to be strictly equal:

false !== true
[0m
      [32m+ expected[0m [31m- actual[0m

      [31m-false[0m
      [32m+true[0m
      [0m[90m
      at Context.<anonymous> (__tests__\validate-ts-configs.test.js:246:12)
[0m


[41m[30mâ€‰ELIFECYCLEâ€‰[39m[49m [31mTest failed. See above for more details.[39m
